<?xml version="1.0" encoding="UTF-8"?>
<!-- Generated by org.testng.reporters.JUnitXMLReporter -->
<testsuite ignored="1" hostname="LAPTOP-VHN20HQL" failures="0" tests="1" name="Default test" time="16.253" errors="0" timestamp="2025-01-07T16:35:28 IST">
  <testcase classname="com.MyStore.Test_Cases.TC_MyAccount_Page_TestCase" name="verifyRegisterUserLoginOrNot" time="5.252"/>
  <testcase classname="com.MyStore.Test_Cases.TC_MyAccount_Page_TestCase" name="verifyRegistrationAndLogin" time="0.0">
    <ignored/>
  </testcase> <!-- verifyRegistrationAndLogin -->
</testsuite> <!-- Default test -->
