<?xml version="1.0" encoding="UTF-8"?>
<!-- Generated by org.testng.reporters.JUnitXMLReporter -->
<testsuite ignored="0" hostname="LAPTOP-VHN20HQL" failures="0" tests="2" name="TestOnChrome" time="42.734" errors="0" timestamp="2025-01-08T13:49:19 IST">
  <testcase classname="com.MyStore.Test_Cases.TC_Verify_Buy_Product_TestCase" name="verifyBuyProduct" time="34.484"/>
  <testcase classname="com.MyStore.Test_Cases.TC_Verify_Buy_Product_TestCase" name="VerifySignOut" time="3.54"/>
</testsuite> <!-- TestOnChrome -->
