<?xml version="1.0" encoding="UTF-8"?>
<testng-results ignored="0" total="2" passed="2" failed="0" skipped="0">
  <reporter-output>
  </reporter-output>
  <suite started-at="2025-01-08T13:48:36 IST" name="Suite" finished-at="2025-01-08T13:49:19 IST" duration-ms="42734">
    <groups>
    </groups>
    <test started-at="2025-01-08T13:48:36 IST" name="TestOnChrome" finished-at="2025-01-08T13:49:19 IST" duration-ms="42734">
      <class name="com.MyStore.Test_Cases.TC_Verify_Buy_Product_TestCase">
        <test-method is-config="true" signature="setUp()[pri:0, instance:com.MyStore.Test_Cases.TC_Verify_Buy_Product_TestCase@8f2ef19]" started-at="2025-01-08T13:48:37 IST" name="setUp" finished-at="2025-01-08T13:48:41 IST" duration-ms="4440" status="PASS">
          <reporter-output>
          </reporter-output>
        </test-method> <!-- setUp -->
        <test-method signature="verifyBuyProduct()[pri:1, instance:com.MyStore.Test_Cases.TC_Verify_Buy_Product_TestCase@8f2ef19]" started-at="2025-01-08T13:48:41 IST" name="verifyBuyProduct" finished-at="2025-01-08T13:49:15 IST" duration-ms="34484" status="PASS">
          <reporter-output>
          </reporter-output>
        </test-method> <!-- verifyBuyProduct -->
        <test-method signature="VerifySignOut()[pri:2, instance:com.MyStore.Test_Cases.TC_Verify_Buy_Product_TestCase@8f2ef19]" started-at="2025-01-08T13:49:15 IST" name="VerifySignOut" finished-at="2025-01-08T13:49:19 IST" duration-ms="3540" status="PASS">
          <reporter-output>
          </reporter-output>
        </test-method> <!-- VerifySignOut -->
      </class> <!-- com.MyStore.Test_Cases.TC_Verify_Buy_Product_TestCase -->
    </test> <!-- TestOnChrome -->
  </suite> <!-- Suite -->
</testng-results>
